Plugins:
  - Chinese Pack 1.26 (l10nzh)
Bundled analyzers:
  - Python Code Quality and Security 3.24.1.11916 (python)
  - Go Code Quality and Security 1.11.0.3905 (go)
  - JaCoCo 1.3.0.1538 (jacoco)
  - Kotlin Code Quality and Security 2.12.0.1956 (kotlin)
  - IaC Code Quality and Security 1.11.0.2847 (iac)
  - JavaScript/TypeScript/CSS Code Quality and Security 9.13.0.20537 (javascript)
  - Ruby Code Quality and Security 1.11.0.3905 (ruby)
  - Scala Code Quality and Security 1.11.0.3905 (sonarscala)
  - C# Code Quality and Security 8.51.0.59060 (csharp)
  - Java Code Quality and Security 7.16.0.30901 (java)
  - HTML Code Quality and Security 3.7.1.3306 (web)
  - Flex Code Quality and Security 2.8.0.3166 (flex)
  - XML Code Quality and Security 2.7.0.3820 (xml)
  - PHP Code Quality and Security 3.27.1.9352 (php)
  - Text Code Quality and Security 2.0.2.1090 (text)
  - VB.NET Code Quality and Security 8.51.0.59060 (vbnet)
  - Configuration detection fot Code Quality and Security 1.2.0.267 (config)
Global server settings:
  - sonar.core.id=147B411E-AYxrhf3OKMU8mOqRAIDf
  - sonar.core.startTime=2023-12-18T16:30:25+0800
  - sonar.forceAuthentication=true
  - sonar.plugins.risk.consent=ACCEPTED
Project server settings:
Project scanner properties:
  - sonar.host.url=http://localhost:9000
  - sonar.java.binaries=/Users/apple/DWSurvey
  - sonar.language=java
  - sonar.login=******
  - sonar.projectBaseDir=/Users/apple/DWSurvey/DWSurvey-master/src/main/java/net/diaowen/common/utils
  - sonar.projectKey=DWSurvey
  - sonar.projectName=DWSurvey
  - sonar.projectVersion=3.3
  - sonar.scanner.app=ScannerCLI
  - sonar.scanner.appVersion=4.8.0.2856
  - sonar.sourceEncoding=UTF-8
  - sonar.sources=/Users/apple/DWSurvey
  - sonar.verbose=true
  - sonar.working.directory=/Users/apple/DWSurvey/DWSurvey-master/src/main/java/net/diaowen/common/utils/.scannerwork
